<?xml version="1.0" encoding="UTF-8"?>
<!-- Generated by org.testng.reporters.JUnitReportReporter -->
<testsuite hostname="LWO1-LHP-F49053" name="InstabeatSanity.Tests.SanityTestNG" tests="16" failures="2" timestamp="5 Dec 2014 15:24:01 GMT" time="703.725" errors="1">
  <testcase name="checkAllLinksOnWebPage" time="84.752" classname="InstabeatSanity.Tests.SanityTestNG"/>
  <testcase name="UserCanChooseExistSession" time="17.657" classname="InstabeatSanity.Tests.SanityTestNG"/>
  <testcase name="UserCannotLogin" time="6.144" classname="InstabeatSanity.Tests.SanityTestNG"/>
  <testcase name="checkIfHeightIsProperAfterChanges" time="182.745" classname="InstabeatSanity.Tests.SanityTestNG"/>
  <testcase name="userCanUpdateProfileSettings" time="16.761" classname="InstabeatSanity.Tests.SanityTestNG"/>
  <testcase name="checkIfHeightIsProperConverted" time="73.606" classname="InstabeatSanity.Tests.SanityTestNG"/>
  <testcase name="checkIfWeightIsProperConverted" time="23.199" classname="InstabeatSanity.Tests.SanityTestNG">
    <error type="java.lang.AssertionError" message="expected [198] but found [196]">
      <![CDATA[java.lang.AssertionError: expected [198] but found [196]
	at org.testng.Assert.fail(Assert.java:94)
	at org.testng.Assert.failNotEquals(Assert.java:494)
	at org.testng.Assert.assertEquals(Assert.java:123)
	at org.testng.Assert.assertEquals(Assert.java:176)
	at org.testng.Assert.assertEquals(Assert.java:186)
	at instabeat.dashboard.ProfilePage.checkChangesInWeightAfterConvert(ProfilePage.java:224)
	at InstabeatSanity.Tests.SanityTestNG.checkIfWeightIsProperConverted(SanityTestNG.java:724)
	at sun.reflect.NativeMethodAccessorImpl.invoke0(Native Method)
	at sun.reflect.NativeMethodAccessorImpl.invoke(Unknown Source)
	at sun.reflect.DelegatingMethodAccessorImpl.invoke(Unknown Source)
	at java.lang.reflect.Method.invoke(Unknown Source)
	at org.testng.internal.MethodInvocationHelper.invokeMethod(MethodInvocationHelper.java:84)
	at org.testng.internal.Invoker.invokeMethod(Invoker.java:714)
	at org.testng.internal.Invoker.invokeTestMethod(Invoker.java:901)
	at org.testng.internal.Invoker.invokeTestMethods(Invoker.java:1231)
	at org.testng.internal.TestMethodWorker.invokeTestMethods(TestMethodWorker.java:127)
	at org.testng.internal.TestMethodWorker.run(TestMethodWorker.java:111)
	at org.testng.TestRunner.privateRun(TestRunner.java:767)
	at org.testng.TestRunner.run(TestRunner.java:617)
	at org.testng.SuiteRunner.runTest(SuiteRunner.java:334)
	at org.testng.SuiteRunner.runSequentially(SuiteRunner.java:329)
	at org.testng.SuiteRunner.privateRun(SuiteRunner.java:291)
	at org.testng.SuiteRunner.run(SuiteRunner.java:240)
	at org.testng.SuiteRunnerWorker.runSuite(SuiteRunnerWorker.java:52)
	at org.testng.SuiteRunnerWorker.run(SuiteRunnerWorker.java:86)
	at org.testng.TestNG.runSuitesSequentially(TestNG.java:1224)
	at org.testng.TestNG.runSuitesLocally(TestNG.java:1149)
	at org.testng.TestNG.run(TestNG.java:1057)
	at org.testng.remote.RemoteTestNG.run(RemoteTestNG.java:111)
	at org.testng.remote.RemoteTestNG.initAndRun(RemoteTestNG.java:204)
	at org.testng.remote.RemoteTestNG.main(RemoteTestNG.java:175)
]]>
    </error>
  </testcase> <!-- checkIfWeightIsProperConverted -->
  <testcase name="UserCanLogin" time="13.208" classname="InstabeatSanity.Tests.SanityTestNG"/>
  <testcase name="UserForgotPassword" time="15.195" classname="InstabeatSanity.Tests.SanityTestNG"/>
  <testcase name="UserCanUpdateProfile" time="59.699" classname="InstabeatSanity.Tests.SanityTestNG">
    <failure type="org.openqa.selenium.NoSuchElementException" message="Unable to locate element: {&quot;method&quot;:&quot;id&quot;,&quot;selector&quot;:&quot;heightCm&quot;}
Command duration or timeout: 50.02 seconds
For documentation on this error, please visit: http://seleniumhq.org/exceptions/no_such_element.html
Build info: version: &#039;2.44.0&#039;, revision: &#039;76d78cf323ce037c5f92db6c1bba601c2ac43ad8&#039;, time: &#039;2014-10-23 13:11:40&#039;
System info: host: &#039;LWO1-LHP-F49053&#039;, ip: &#039;172.24.223.107&#039;, os.name: &#039;Windows 7&#039;, os.arch: &#039;amd64&#039;, os.version: &#039;6.1&#039;, java.version: &#039;1.8.0_25&#039;
Driver info: org.openqa.selenium.firefox.FirefoxDriver
Capabilities [{applicationCacheEnabled=true, rotatable=false, handlesAlerts=true, databaseEnabled=true, version=33.1, platform=WINDOWS, nativeEvents=true, acceptSslCerts=true, webStorageEnabled=true, locationContextEnabled=true, browserName=firefox, takesScreenshot=true, javascriptEnabled=true, cssSelectorsEnabled=true}]
Session ID: c56f603f-ab55-45f2-9cb5-30bfdd725cc0">
      <![CDATA[org.openqa.selenium.NoSuchElementException: Unable to locate element: {"method":"id","selector":"heightCm"}
Command duration or timeout: 50.02 seconds
For documentation on this error, please visit: http://seleniumhq.org/exceptions/no_such_element.html
Build info: version: '2.44.0', revision: '76d78cf323ce037c5f92db6c1bba601c2ac43ad8', time: '2014-10-23 13:11:40'
System info: host: 'LWO1-LHP-F49053', ip: '172.24.223.107', os.name: 'Windows 7', os.arch: 'amd64', os.version: '6.1', java.version: '1.8.0_25'
Driver info: org.openqa.selenium.firefox.FirefoxDriver
Capabilities [{applicationCacheEnabled=true, rotatable=false, handlesAlerts=true, databaseEnabled=true, version=33.1, platform=WINDOWS, nativeEvents=true, acceptSslCerts=true, webStorageEnabled=true, locationContextEnabled=true, browserName=firefox, takesScreenshot=true, javascriptEnabled=true, cssSelectorsEnabled=true}]
Session ID: c56f603f-ab55-45f2-9cb5-30bfdd725cc0
	at sun.reflect.NativeConstructorAccessorImpl.newInstance0(Native Method)
	at sun.reflect.NativeConstructorAccessorImpl.newInstance(Unknown Source)
	at sun.reflect.DelegatingConstructorAccessorImpl.newInstance(Unknown Source)
	at java.lang.reflect.Constructor.newInstance(Unknown Source)
	at org.openqa.selenium.remote.ErrorHandler.createThrowable(ErrorHandler.java:204)
	at org.openqa.selenium.remote.ErrorHandler.throwIfResponseFailed(ErrorHandler.java:156)
	at org.openqa.selenium.remote.RemoteWebDriver.execute(RemoteWebDriver.java:599)
	at org.openqa.selenium.remote.RemoteWebDriver.findElement(RemoteWebDriver.java:352)
	at org.openqa.selenium.remote.RemoteWebDriver.findElementById(RemoteWebDriver.java:393)
	at org.openqa.selenium.By$ById.findElement(By.java:214)
	at org.openqa.selenium.remote.RemoteWebDriver.findElement(RemoteWebDriver.java:344)
	at org.openqa.selenium.support.pagefactory.DefaultElementLocator.findElement(DefaultElementLocator.java:59)
	at org.openqa.selenium.support.pagefactory.internal.LocatingElementHandler.invoke(LocatingElementHandler.java:37)
	at com.sun.proxy.$Proxy6.sendKeys(Unknown Source)
	at instabeat.dashboard.ProfilePage.updateHeightfield(ProfilePage.java:50)
	at InstabeatSanity.Tests.SanityTestNG.UserCanUpdateProfile(SanityTestNG.java:234)
	at sun.reflect.NativeMethodAccessorImpl.invoke0(Native Method)
	at sun.reflect.NativeMethodAccessorImpl.invoke(Unknown Source)
	at sun.reflect.DelegatingMethodAccessorImpl.invoke(Unknown Source)
	at java.lang.reflect.Method.invoke(Unknown Source)
	at org.testng.internal.MethodInvocationHelper.invokeMethod(MethodInvocationHelper.java:84)
	at org.testng.internal.Invoker.invokeMethod(Invoker.java:714)
	at org.testng.internal.Invoker.invokeTestMethod(Invoker.java:901)
	at org.testng.internal.Invoker.invokeTestMethods(Invoker.java:1231)
	at org.testng.internal.TestMethodWorker.invokeTestMethods(TestMethodWorker.java:127)
	at org.testng.internal.TestMethodWorker.run(TestMethodWorker.java:111)
	at org.testng.TestRunner.privateRun(TestRunner.java:767)
	at org.testng.TestRunner.run(TestRunner.java:617)
	at org.testng.SuiteRunner.runTest(SuiteRunner.java:334)
	at org.testng.SuiteRunner.runSequentially(SuiteRunner.java:329)
	at org.testng.SuiteRunner.privateRun(SuiteRunner.java:291)
	at org.testng.SuiteRunner.run(SuiteRunner.java:240)
	at org.testng.SuiteRunnerWorker.runSuite(SuiteRunnerWorker.java:52)
	at org.testng.SuiteRunnerWorker.run(SuiteRunnerWorker.java:86)
	at org.testng.TestNG.runSuitesSequentially(TestNG.java:1224)
	at org.testng.TestNG.runSuitesLocally(TestNG.java:1149)
	at org.testng.TestNG.run(TestNG.java:1057)
	at org.testng.remote.RemoteTestNG.run(RemoteTestNG.java:111)
	at org.testng.remote.RemoteTestNG.initAndRun(RemoteTestNG.java:204)
	at org.testng.remote.RemoteTestNG.main(RemoteTestNG.java:175)
Caused by: org.openqa.selenium.NoSuchElementException: Unable to locate element: {"method":"id","selector":"heightCm"}
For documentation on this error, please visit: http://seleniumhq.org/exceptions/no_such_element.html
Build info: version: '2.44.0', revision: '76d78cf323ce037c5f92db6c1bba601c2ac43ad8', time: '2014-10-23 13:11:40'
System info: host: 'LWO1-LHP-F49053', ip: '172.24.223.107', os.name: 'Windows 7', os.arch: 'amd64', os.version: '6.1', java.version: '1.8.0_25'
Driver info: driver.version: unknown
	at <anonymous class>.FirefoxDriver.prototype.findElementInternal_(file:///C:/Users/ROMAN~1.MYK/AppData/Local/Temp/anonymous8840698428538962997webdriver-profile/extensions/fxdriver@googlecode.com/components/driver-component.js:9641:26)
	at <anonymous class>.fxdriver.Timer.prototype.setTimeout/<.notify(file:///C:/Users/ROMAN~1.MYK/AppData/Local/Temp/anonymous8840698428538962997webdriver-profile/extensions/fxdriver@googlecode.com/components/driver-component.js:548:5)
]]>
    </failure>
  </testcase> <!-- UserCanUpdateProfile -->
  <testcase name="checkDefaultActivity" time="51.889" classname="InstabeatSanity.Tests.SanityTestNG">
    <failure type="org.openqa.selenium.NoSuchElementException" message="Unable to locate element: {&quot;method&quot;:&quot;id&quot;,&quot;selector&quot;:&quot;email&quot;}
Command duration or timeout: 50.08 seconds
For documentation on this error, please visit: http://seleniumhq.org/exceptions/no_such_element.html
Build info: version: &#039;2.44.0&#039;, revision: &#039;76d78cf323ce037c5f92db6c1bba601c2ac43ad8&#039;, time: &#039;2014-10-23 13:11:40&#039;
System info: host: &#039;LWO1-LHP-F49053&#039;, ip: &#039;172.24.223.107&#039;, os.name: &#039;Windows 7&#039;, os.arch: &#039;amd64&#039;, os.version: &#039;6.1&#039;, java.version: &#039;1.8.0_25&#039;
Driver info: org.openqa.selenium.firefox.FirefoxDriver
Capabilities [{applicationCacheEnabled=true, rotatable=false, handlesAlerts=true, databaseEnabled=true, version=33.1, platform=WINDOWS, nativeEvents=true, acceptSslCerts=true, webStorageEnabled=true, locationContextEnabled=true, browserName=firefox, takesScreenshot=true, javascriptEnabled=true, cssSelectorsEnabled=true}]
Session ID: c56f603f-ab55-45f2-9cb5-30bfdd725cc0">
      <![CDATA[org.openqa.selenium.NoSuchElementException: Unable to locate element: {"method":"id","selector":"email"}
Command duration or timeout: 50.08 seconds
For documentation on this error, please visit: http://seleniumhq.org/exceptions/no_such_element.html
Build info: version: '2.44.0', revision: '76d78cf323ce037c5f92db6c1bba601c2ac43ad8', time: '2014-10-23 13:11:40'
System info: host: 'LWO1-LHP-F49053', ip: '172.24.223.107', os.name: 'Windows 7', os.arch: 'amd64', os.version: '6.1', java.version: '1.8.0_25'
Driver info: org.openqa.selenium.firefox.FirefoxDriver
Capabilities [{applicationCacheEnabled=true, rotatable=false, handlesAlerts=true, databaseEnabled=true, version=33.1, platform=WINDOWS, nativeEvents=true, acceptSslCerts=true, webStorageEnabled=true, locationContextEnabled=true, browserName=firefox, takesScreenshot=true, javascriptEnabled=true, cssSelectorsEnabled=true}]
Session ID: c56f603f-ab55-45f2-9cb5-30bfdd725cc0
	at sun.reflect.NativeConstructorAccessorImpl.newInstance0(Native Method)
	at sun.reflect.NativeConstructorAccessorImpl.newInstance(Unknown Source)
	at sun.reflect.DelegatingConstructorAccessorImpl.newInstance(Unknown Source)
	at java.lang.reflect.Constructor.newInstance(Unknown Source)
	at org.openqa.selenium.remote.ErrorHandler.createThrowable(ErrorHandler.java:204)
	at org.openqa.selenium.remote.ErrorHandler.throwIfResponseFailed(ErrorHandler.java:156)
	at org.openqa.selenium.remote.RemoteWebDriver.execute(RemoteWebDriver.java:599)
	at org.openqa.selenium.remote.RemoteWebDriver.findElement(RemoteWebDriver.java:352)
	at org.openqa.selenium.remote.RemoteWebDriver.findElementById(RemoteWebDriver.java:393)
	at org.openqa.selenium.By$ById.findElement(By.java:214)
	at org.openqa.selenium.remote.RemoteWebDriver.findElement(RemoteWebDriver.java:344)
	at org.openqa.selenium.support.pagefactory.DefaultElementLocator.findElement(DefaultElementLocator.java:59)
	at org.openqa.selenium.support.pagefactory.internal.LocatingElementHandler.invoke(LocatingElementHandler.java:37)
	at com.sun.proxy.$Proxy6.sendKeys(Unknown Source)
	at instabeat.pages.LoginPage.fullLogin(LoginPage.java:54)
	at InstabeatSanity.Tests.SanityTestNG.checkDefaultActivity(SanityTestNG.java:745)
	at sun.reflect.NativeMethodAccessorImpl.invoke0(Native Method)
	at sun.reflect.NativeMethodAccessorImpl.invoke(Unknown Source)
	at sun.reflect.DelegatingMethodAccessorImpl.invoke(Unknown Source)
	at java.lang.reflect.Method.invoke(Unknown Source)
	at org.testng.internal.MethodInvocationHelper.invokeMethod(MethodInvocationHelper.java:84)
	at org.testng.internal.Invoker.invokeMethod(Invoker.java:714)
	at org.testng.internal.Invoker.invokeTestMethod(Invoker.java:901)
	at org.testng.internal.Invoker.invokeTestMethods(Invoker.java:1231)
	at org.testng.internal.TestMethodWorker.invokeTestMethods(TestMethodWorker.java:127)
	at org.testng.internal.TestMethodWorker.run(TestMethodWorker.java:111)
	at org.testng.TestRunner.privateRun(TestRunner.java:767)
	at org.testng.TestRunner.run(TestRunner.java:617)
	at org.testng.SuiteRunner.runTest(SuiteRunner.java:334)
	at org.testng.SuiteRunner.runSequentially(SuiteRunner.java:329)
	at org.testng.SuiteRunner.privateRun(SuiteRunner.java:291)
	at org.testng.SuiteRunner.run(SuiteRunner.java:240)
	at org.testng.SuiteRunnerWorker.runSuite(SuiteRunnerWorker.java:52)
	at org.testng.SuiteRunnerWorker.run(SuiteRunnerWorker.java:86)
	at org.testng.TestNG.runSuitesSequentially(TestNG.java:1224)
	at org.testng.TestNG.runSuitesLocally(TestNG.java:1149)
	at org.testng.TestNG.run(TestNG.java:1057)
	at org.testng.remote.RemoteTestNG.run(RemoteTestNG.java:111)
	at org.testng.remote.RemoteTestNG.initAndRun(RemoteTestNG.java:204)
	at org.testng.remote.RemoteTestNG.main(RemoteTestNG.java:175)
Caused by: org.openqa.selenium.NoSuchElementException: Unable to locate element: {"method":"id","selector":"email"}
For documentation on this error, please visit: http://seleniumhq.org/exceptions/no_such_element.html
Build info: version: '2.44.0', revision: '76d78cf323ce037c5f92db6c1bba601c2ac43ad8', time: '2014-10-23 13:11:40'
System info: host: 'LWO1-LHP-F49053', ip: '172.24.223.107', os.name: 'Windows 7', os.arch: 'amd64', os.version: '6.1', java.version: '1.8.0_25'
Driver info: driver.version: unknown
	at <anonymous class>.FirefoxDriver.prototype.findElementInternal_(file:///C:/Users/ROMAN~1.MYK/AppData/Local/Temp/anonymous8840698428538962997webdriver-profile/extensions/fxdriver@googlecode.com/components/driver-component.js:9641:26)
	at <anonymous class>.fxdriver.Timer.prototype.setTimeout/<.notify(file:///C:/Users/ROMAN~1.MYK/AppData/Local/Temp/anonymous8840698428538962997webdriver-profile/extensions/fxdriver@googlecode.com/components/driver-component.js:548:5)
]]>
    </failure>
  </testcase> <!-- checkDefaultActivity -->
  <testcase name="userCanChangePassword" time="24.496" classname="InstabeatSanity.Tests.SanityTestNG"/>
  <testcase name="ValidateValuesInFooter" time="7.307" classname="InstabeatSanity.Tests.SanityTestNG"/>
  <testcase name="UserCanRegister" time="71.388" classname="InstabeatSanity.Tests.SanityTestNG"/>
  <testcase name="userCanUpdateHRZPage" time="17.692" classname="InstabeatSanity.Tests.SanityTestNG"/>
  <testcase name="checkIfWeightIsProperAfterChanges" time="37.987" classname="InstabeatSanity.Tests.SanityTestNG"/>
</testsuite> <!-- InstabeatSanity.Tests.SanityTestNG -->
