<?xml version="1.0" encoding="UTF-8"?>
<!-- Generated by org.testng.reporters.JUnitReportReporter -->
<testsuite hostname="LWO1-LHP-F49053" name="InstabeatSanity.Tests.SanityTestNG" tests="1" failures="0" timestamp="11 Nov 2014 16:16:14 GMT" time="29.694" errors="0">
  <testcase name="checkIfWeightIsProperConverted" time="29.694" classname="InstabeatSanity.Tests.SanityTestNG"/>
</testsuite> <!-- InstabeatSanity.Tests.SanityTestNG -->
