<?xml version="1.0" encoding="UTF-8"?>
<!-- Generated by org.testng.reporters.JUnitReportReporter -->
<testsuite hostname="LWO1-LHP-F49053" name="InstabeatSanity.Tests.FieldsValidationTests" tests="1" failures="0" timestamp="26 Nov 2014 11:49:08 GMT" time="10.677" errors="0">
  <testcase name="ProfileSettingsValidation" time="10.677" classname="InstabeatSanity.Tests.FieldsValidationTests"/>
</testsuite> <!-- InstabeatSanity.Tests.FieldsValidationTests -->
