<?xml version="1.0" encoding="UTF-8"?>
<!-- Generated by org.testng.reporters.JUnitReportReporter -->
<testsuite hostname="LWO1-DHP-F54947" name="InstabeatSanity.Tests.SanityTestNG" tests="1" failures="0" timestamp="21 Aug 2014 16:25:23 GMT" time="29.308" errors="0">
  <testcase name="userCanConnectToFB" time="29.308" classname="InstabeatSanity.Tests.SanityTestNG"/>
</testsuite> <!-- InstabeatSanity.Tests.SanityTestNG -->
