<?xml version="1.0" encoding="UTF-8"?>
<!-- Generated by org.testng.reporters.JUnitReportReporter -->
<testsuite hostname="LWO1-DHP-F54947" name="InstabeatSanity.Tests.FieldsValidationTests" tests="5" failures="0" timestamp="29 Aug 2014 13:02:39 GMT" time="137.194" errors="0">
  <testcase name="ProfileSettingsValidation" time="13.144" classname="InstabeatSanity.Tests.FieldsValidationTests"/>
  <testcase name="ResetPasswordValidation" time="12.775" classname="InstabeatSanity.Tests.FieldsValidationTests"/>
  <testcase name="GetStartedValidation" time="54.941" classname="InstabeatSanity.Tests.FieldsValidationTests"/>
  <testcase name="LoginValidation" time="13.285" classname="InstabeatSanity.Tests.FieldsValidationTests"/>
  <testcase name="ProfileValidation" time="43.049" classname="InstabeatSanity.Tests.FieldsValidationTests"/>
</testsuite> <!-- InstabeatSanity.Tests.FieldsValidationTests -->
