<?xml version="1.0" encoding="UTF-8"?>
<!-- Generated by org.testng.reporters.JUnitReportReporter -->
<testsuite hostname="LWO1-DHP-F54947" name="InstabeatSanity.Tests.SanityTestNG" tests="1" failures="0" timestamp="22 Jul 2014 16:44:15 GMT" time="36.888" errors="0">
  <testcase name="UserCanRegister" time="36.888" classname="InstabeatSanity.Tests.SanityTestNG"/>
</testsuite> <!-- InstabeatSanity.Tests.SanityTestNG -->
