<?xml version="1.0" encoding="UTF-8"?>
<!-- Generated by org.testng.reporters.JUnitReportReporter -->
<testsuite hostname="LWO1-DHP-F54947" name="InstabeatSanity.Tests.FieldsValidationTests" tests="1" failures="0" timestamp="28 Aug 2014 07:22:22 GMT" time="13.289" errors="0">
  <testcase name="LoginValidation" time="13.289" classname="InstabeatSanity.Tests.FieldsValidationTests"/>
</testsuite> <!-- InstabeatSanity.Tests.FieldsValidationTests -->
