<?xml version="1.0" encoding="UTF-8"?>
<!-- Generated by org.testng.reporters.JUnitReportReporter -->
<testsuite hostname="LWO1-DHP-F54947" name="InstabeatSanity.Tests.SanityTestNG" tests="1" failures="1" timestamp="28 Aug 2014 11:47:25 GMT" time="60.973" errors="0">
  <testcase name="userCanChangePassword" time="60.973" classname="InstabeatSanity.Tests.SanityTestNG">
    <failure type="org.openqa.selenium.ElementNotVisibleException" message="Element is not currently visible and so may not be interacted with
Command duration or timeout: 50.03 seconds
Build info: version: &#039;2.42.2&#039;, revision: &#039;6a6995d&#039;, time: &#039;2014-06-03 17:42:30&#039;
System info: host: &#039;LWO1-DHP-F54947&#039;, ip: &#039;172.24.206.7&#039;, os.name: &#039;Windows 7&#039;, os.arch: &#039;amd64&#039;, os.version: &#039;6.1&#039;, java.version: &#039;1.8.0_05&#039;
Driver info: org.openqa.selenium.firefox.FirefoxDriver
Capabilities [{applicationCacheEnabled=true, rotatable=false, handlesAlerts=true, databaseEnabled=true, version=31.0, platform=XP, nativeEvents=false, acceptSslCerts=true, webStorageEnabled=true, locationContextEnabled=true, browserName=firefox, takesScreenshot=true, javascriptEnabled=true, cssSelectorsEnabled=true}]
Session ID: 9fb0bae6-c5af-40e4-bd90-eb727a7a4702">
      <![CDATA[org.openqa.selenium.ElementNotVisibleException: Element is not currently visible and so may not be interacted with
Command duration or timeout: 50.03 seconds
Build info: version: '2.42.2', revision: '6a6995d', time: '2014-06-03 17:42:30'
System info: host: 'LWO1-DHP-F54947', ip: '172.24.206.7', os.name: 'Windows 7', os.arch: 'amd64', os.version: '6.1', java.version: '1.8.0_05'
Driver info: org.openqa.selenium.firefox.FirefoxDriver
Capabilities [{applicationCacheEnabled=true, rotatable=false, handlesAlerts=true, databaseEnabled=true, version=31.0, platform=XP, nativeEvents=false, acceptSslCerts=true, webStorageEnabled=true, locationContextEnabled=true, browserName=firefox, takesScreenshot=true, javascriptEnabled=true, cssSelectorsEnabled=true}]
Session ID: 9fb0bae6-c5af-40e4-bd90-eb727a7a4702
	at sun.reflect.NativeConstructorAccessorImpl.newInstance0(Native Method)
	at sun.reflect.NativeConstructorAccessorImpl.newInstance(Unknown Source)
	at sun.reflect.DelegatingConstructorAccessorImpl.newInstance(Unknown Source)
	at java.lang.reflect.Constructor.newInstance(Unknown Source)
	at org.openqa.selenium.remote.ErrorHandler.createThrowable(ErrorHandler.java:204)
	at org.openqa.selenium.remote.ErrorHandler.throwIfResponseFailed(ErrorHandler.java:156)
	at org.openqa.selenium.remote.RemoteWebDriver.execute(RemoteWebDriver.java:599)
	at org.openqa.selenium.remote.RemoteWebElement.execute(RemoteWebElement.java:268)
	at org.openqa.selenium.remote.RemoteWebElement.click(RemoteWebElement.java:79)
	at sun.reflect.NativeMethodAccessorImpl.invoke0(Native Method)
	at sun.reflect.NativeMethodAccessorImpl.invoke(Unknown Source)
	at sun.reflect.DelegatingMethodAccessorImpl.invoke(Unknown Source)
	at java.lang.reflect.Method.invoke(Unknown Source)
	at org.openqa.selenium.support.pagefactory.internal.LocatingElementHandler.invoke(LocatingElementHandler.java:41)
	at com.sun.proxy.$Proxy6.click(Unknown Source)
	at instabeat.dashboard.ProfilePageSettings.clickOnUpdateButton(ProfilePageSettings.java:36)
	at InstabeatSanity.Tests.SanityTestNG.userCanChangePassword(SanityTestNG.java:270)
	at sun.reflect.NativeMethodAccessorImpl.invoke0(Native Method)
	at sun.reflect.NativeMethodAccessorImpl.invoke(Unknown Source)
	at sun.reflect.DelegatingMethodAccessorImpl.invoke(Unknown Source)
	at java.lang.reflect.Method.invoke(Unknown Source)
	at org.testng.internal.MethodInvocationHelper.invokeMethod(MethodInvocationHelper.java:84)
	at org.testng.internal.Invoker.invokeMethod(Invoker.java:714)
	at org.testng.internal.Invoker.invokeTestMethod(Invoker.java:901)
	at org.testng.internal.Invoker.invokeTestMethods(Invoker.java:1231)
	at org.testng.internal.TestMethodWorker.invokeTestMethods(TestMethodWorker.java:127)
	at org.testng.internal.TestMethodWorker.run(TestMethodWorker.java:111)
	at org.testng.TestRunner.privateRun(TestRunner.java:767)
	at org.testng.TestRunner.run(TestRunner.java:617)
	at org.testng.SuiteRunner.runTest(SuiteRunner.java:334)
	at org.testng.SuiteRunner.runSequentially(SuiteRunner.java:329)
	at org.testng.SuiteRunner.privateRun(SuiteRunner.java:291)
	at org.testng.SuiteRunner.run(SuiteRunner.java:240)
	at org.testng.SuiteRunnerWorker.runSuite(SuiteRunnerWorker.java:52)
	at org.testng.SuiteRunnerWorker.run(SuiteRunnerWorker.java:86)
	at org.testng.TestNG.runSuitesSequentially(TestNG.java:1224)
	at org.testng.TestNG.runSuitesLocally(TestNG.java:1149)
	at org.testng.TestNG.run(TestNG.java:1057)
	at org.testng.remote.RemoteTestNG.run(RemoteTestNG.java:111)
	at org.testng.remote.RemoteTestNG.initAndRun(RemoteTestNG.java:204)
	at org.testng.remote.RemoteTestNG.main(RemoteTestNG.java:175)
Caused by: org.openqa.selenium.remote.ErrorHandler$UnknownServerException: Element is not currently visible and so may not be interacted with
Build info: version: '2.42.2', revision: '6a6995d', time: '2014-06-03 17:42:30'
System info: host: 'LWO1-DHP-F54947', ip: '172.24.206.7', os.name: 'Windows 7', os.arch: 'amd64', os.version: '6.1', java.version: '1.8.0_05'
Driver info: driver.version: unknown
	at <anonymous class>.fxdriver.preconditions.visible(file:///C:/Users/ROMAN~1.MYK/AppData/Local/Temp/anonymous6547221767082540200webdriver-profile/extensions/fxdriver@googlecode.com/components/command_processor.js:8791:5)
	at <anonymous class>.DelayedCommand.prototype.checkPreconditions_(file:///C:/Users/ROMAN~1.MYK/AppData/Local/Temp/anonymous6547221767082540200webdriver-profile/extensions/fxdriver@googlecode.com/components/command_processor.js:11438:1)
	at <anonymous class>.DelayedCommand.prototype.executeInternal_/h(file:///C:/Users/ROMAN~1.MYK/AppData/Local/Temp/anonymous6547221767082540200webdriver-profile/extensions/fxdriver@googlecode.com/components/command_processor.js:11455:11)
	at <anonymous class>.fxdriver.Timer.prototype.setTimeout/<.notify(file:///C:/Users/ROMAN~1.MYK/AppData/Local/Temp/anonymous6547221767082540200webdriver-profile/extensions/fxdriver@googlecode.com/components/command_processor.js:407:5)
]]>
    </failure>
  </testcase> <!-- userCanChangePassword -->
</testsuite> <!-- InstabeatSanity.Tests.SanityTestNG -->
