<?xml version="1.0" encoding="UTF-8"?>
<!-- Generated by org.testng.reporters.JUnitReportReporter -->
<testsuite hostname="LWO1-DHP-F54947" name="InstabeatSanity.Tests.FieldsValidationTests" tests="1" failures="0" timestamp="28 Aug 2014 16:13:09 GMT" time="11.051" errors="0">
  <testcase name="ProfileSettingsValidation" time="11.051" classname="InstabeatSanity.Tests.FieldsValidationTests"/>
</testsuite> <!-- InstabeatSanity.Tests.FieldsValidationTests -->
