<?xml version="1.0" encoding="UTF-8"?>
<!-- Generated by org.testng.reporters.JUnitReportReporter -->
<testsuite hostname="LWO1-DHP-F54947" name="InstabeatSanity.Tests.SanityTestNG" tests="1" failures="0" timestamp="29 Aug 2014 15:51:07 GMT" time="46.224" errors="0">
  <testcase name="UserCanShareGraphFB" time="46.224" classname="InstabeatSanity.Tests.SanityTestNG"/>
</testsuite> <!-- InstabeatSanity.Tests.SanityTestNG -->
