<?xml version="1.0" encoding="UTF-8"?>
<!-- Generated by org.testng.reporters.JUnitReportReporter -->
<testsuite hostname="LWO1-DHP-F54947" name="InstabeatSanity.Tests.FieldsValidationTests" tests="1" failures="0" timestamp="5 Sep 2014 15:13:19 GMT" time="19.371" errors="0">
  <testcase name="HeartRateZonesValidation" time="19.371" classname="InstabeatSanity.Tests.FieldsValidationTests"/>
</testsuite> <!-- InstabeatSanity.Tests.FieldsValidationTests -->
