<?xml version="1.0" encoding="UTF-8"?>
<!-- Generated by org.testng.reporters.JUnitReportReporter -->
<testsuite hostname="LWO1-DHP-F54947" name="InstabeatSanity.Tests.SanityTestNG" tests="1" failures="0" timestamp="22 Jul 2014 15:07:14 GMT" time="21.941" errors="0">
  <testcase name="UserForgotPassword" time="21.941" classname="InstabeatSanity.Tests.SanityTestNG"/>
</testsuite> <!-- InstabeatSanity.Tests.SanityTestNG -->
