<?xml version="1.0" encoding="UTF-8"?>
<!-- Generated by org.testng.reporters.JUnitReportReporter -->
<testsuite hostname="LWO1-DHP-F54947" name="InstabeatSanity.Tests.FieldsValidationTests" tests="6" failures="0" timestamp="3 Oct 2014 10:04:10 GMT" time="203.923" errors="0">
  <testcase name="ProfileValidation" time="54.072" classname="InstabeatSanity.Tests.FieldsValidationTests"/>
  <testcase name="LoginValidation" time="18.308" classname="InstabeatSanity.Tests.FieldsValidationTests"/>
  <testcase name="HeartRateZonesValidation" time="30.373" classname="InstabeatSanity.Tests.FieldsValidationTests"/>
  <testcase name="ResetPasswordValidation" time="17.538" classname="InstabeatSanity.Tests.FieldsValidationTests"/>
  <testcase name="GetStartedValidation" time="72.106" classname="InstabeatSanity.Tests.FieldsValidationTests"/>
  <testcase name="ProfileSettingsValidation" time="11.526" classname="InstabeatSanity.Tests.FieldsValidationTests"/>
</testsuite> <!-- InstabeatSanity.Tests.FieldsValidationTests -->
