<?xml version="1.0" encoding="UTF-8"?>
<!-- Generated by org.testng.reporters.JUnitReportReporter -->
<testsuite hostname="LWO1-LHP-F49053" name="InstabeatSanity.Tests.SanityTestNG" tests="2" failures="0" timestamp="11 Dec 2014 13:00:29 GMT" time="40.179" errors="0">
  <testcase name="UserCanLogin" time="22.581" classname="InstabeatSanity.Tests.SanityTestNG"/>
  <testcase name="UserCannotLogin" time="17.598" classname="InstabeatSanity.Tests.SanityTestNG"/>
</testsuite> <!-- InstabeatSanity.Tests.SanityTestNG -->
