<?xml version="1.0" encoding="UTF-8"?>
<!-- Generated by org.testng.reporters.JUnitReportReporter -->
<testsuite hostname="LWO1-LHP-F49053" name="InstabeatSanity.Tests.SanityTestNG" tests="1" failures="0" timestamp="30 Oct 2014 17:28:08 GMT" time="10.225" errors="0">
  <testcase name="checkMetricsSettings" time="10.225" classname="InstabeatSanity.Tests.SanityTestNG"/>
</testsuite> <!-- InstabeatSanity.Tests.SanityTestNG -->
