<?xml version="1.0" encoding="UTF-8"?>
<!-- Generated by org.testng.reporters.JUnitReportReporter -->
<testsuite hostname="LWO1-DHP-F54947" name="InstabeatSanity.Tests.SanityTestNG" tests="4" failures="0" timestamp="22 Jul 2014 16:55:36 GMT" time="89.326" errors="0">
  <testcase name="UserCanLogin" time="11.470" classname="InstabeatSanity.Tests.SanityTestNG"/>
  <testcase name="checkAllLinksOnWebPage" time="49.667" classname="InstabeatSanity.Tests.SanityTestNG"/>
  <testcase name="UserCannotLogin" time="5.412" classname="InstabeatSanity.Tests.SanityTestNG"/>
  <testcase name="UserForgotPassword" time="22.777" classname="InstabeatSanity.Tests.SanityTestNG"/>
</testsuite>
